# JRE version: Java(TM) SE Runtime Environment (8.0_201-b09) (build 1.8.0_201-b09)
# Java VM: Java HotSpot(TM) 64-Bit Server VM (25.201-b09 mixed mode windows-amd64 compressed oops)
Heap:
 PSYoungGen      total 172544K, used 105170K [0x00000000e0000000, 0x00000000f0a00000, 0x0000000100000000)
  eden space 160768K, 58% used [0x00000000e0000000,0x00000000e5b39608,0x00000000e9d00000)
  from space 11776K, 99% used [0x00000000e9d00000,0x00000000ea87b5c0,0x00000000ea880000)
  to   space 15360K, 0% used [0x00000000efb00000,0x00000000efb00000,0x00000000f0a00000)
 ParOldGen       total 33280K, used 23053K [0x00000000a0000000, 0x00000000a2080000, 0x00000000e0000000)
  object space 33280K, 69% used [0x00000000a0000000,0x00000000a1683600,0x00000000a2080000)
 Metaspace       used 54334K, capacity 56188K, committed 56448K, reserved 1097728K
  class space    used 7582K, capacity 8025K, committed 8064K, reserved 1048576K
GC Heap History (10 events):
Event: 146.067 GC heap before
{Heap before GC invocations=11 (full 1):
 PSYoungGen      total 111616K, used 2292K [0x00000000e0000000, 0x00000000e7600000, 0x0000000100000000)
  eden space 103424K, 0% used [0x00000000e0000000,0x00000000e0000000,0x00000000e6500000)
  from space 8192K, 27% used [0x00000000e6e00000,0x00000000e703d040,0x00000000e7600000)
  to   space 8704K, 0% used [0x00000000e6500000,0x00000000e6500000,0x00000000e6d80000)
 ParOldGen       total 20480K, used 13690K [0x00000000a0000000, 0x00000000a1400000, 0x00000000e0000000)
  object space 20480K, 66% used [0x00000000a0000000,0x00000000a0d5ebf8,0x00000000a1400000)
 Metaspace       used 20528K, capacity 21082K, committed 21248K, reserved 1067008K
  class space    used 3045K, capacity 3230K, committed 3328K, reserved 1048576K
Event: 147.529 GC heap after
Heap after GC invocations=11 (full 1):
 PSYoungGen      total 111616K, used 0K [0x00000000e0000000, 0x00000000e7600000, 0x0000000100000000)
  eden space 103424K, 0% used [0x00000000e0000000,0x00000000e0000000,0x00000000e6500000)
  from space 8192K, 0% used [0x00000000e6e00000,0x00000000e6e00000,0x00000000e7600000)
  to   space 8704K, 0% used [0x00000000e6500000,0x00000000e6500000,0x00000000e6d80000)
 ParOldGen       total 20992K, used 8054K [0x00000000a0000000, 0x00000000a1480000, 0x00000000e0000000)
  object space 20992K, 38% used [0x00000000a0000000,0x00000000a07ddbc8,0x00000000a1480000)
 Metaspace       used 20528K, capacity 21082K, committed 21248K, reserved 1067008K
  class space    used 3045K, capacity 3230K, committed 3328K, reserved 1048576K
}
Event: 209.467 GC heap before
{Heap before GC invocations=12 (full 1):
 PSYoungGen      total 111616K, used 103424K [0x00000000e0000000, 0x00000000e7600000, 0x0000000100000000)
  eden space 103424K, 100% used [0x00000000e0000000,0x00000000e6500000,0x00000000e6500000)
  from space 8192K, 0% used [0x00000000e6e00000,0x00000000e6e00000,0x00000000e7600000)
  to   space 8704K, 0% used [0x00000000e6500000,0x00000000e6500000,0x00000000e6d80000)
 ParOldGen       total 20992K, used 8054K [0x00000000a0000000, 0x00000000a1480000, 0x00000000e0000000)
  object space 20992K, 38% used [0x00000000a0000000,0x00000000a07ddbc8,0x00000000a1480000)
 Metaspace       used 30457K, capacity 31016K, committed 31232K, reserved 1075200K
  class space    used 4301K, capacity 4485K, committed 4608K, reserved 1048576K
Event: 210.185 GC heap after
Heap after GC invocations=12 (full 1):
 PSYoungGen      total 112128K, used 8679K [0x00000000e0000000, 0x00000000eb400000, 0x0000000100000000)
  eden space 103424K, 0% used [0x00000000e0000000,0x00000000e0000000,0x00000000e6500000)
  from space 8704K, 99% used [0x00000000e6500000,0x00000000e6d79f78,0x00000000e6d80000)
  to   space 11264K, 0% used [0x00000000ea900000,0x00000000ea900000,0x00000000eb400000)
 ParOldGen       total 20992K, used 10267K [0x00000000a0000000, 0x00000000a1480000, 0x00000000e0000000)
  object space 20992K, 48% used [0x00000000a0000000,0x00000000a0a06f28,0x00000000a1480000)
 Metaspace       used 30457K, capacity 31016K, committed 31232K, reserved 1075200K
  class space    used 4301K, capacity 4485K, committed 4608K, reserved 1048576K
}
Event: 245.829 GC heap before
{Heap before GC invocations=13 (full 1):
 PSYoungGen      total 112128K, used 90400K [0x00000000e0000000, 0x00000000eb400000, 0x0000000100000000)
  eden space 103424K, 79% used [0x00000000e0000000,0x00000000e4fce308,0x00000000e6500000)
  from space 8704K, 99% used [0x00000000e6500000,0x00000000e6d79f78,0x00000000e6d80000)
  to   space 11264K, 0% used [0x00000000ea900000,0x00000000ea900000,0x00000000eb400000)
 ParOldGen       total 20992K, used 10267K [0x00000000a0000000, 0x00000000a1480000, 0x00000000e0000000)
  object space 20992K, 48% used [0x00000000a0000000,0x00000000a0a06f28,0x00000000a1480000)
 Metaspace       used 34634K, capacity 35378K, committed 35416K, reserved 1079296K
  class space    used 4870K, capacity 5118K, committed 5120K, reserved 1048576K
Event: 246.506 GC heap after
Heap after GC invocations=13 (full 1):
 PSYoungGen      total 172032K, used 7325K [0x00000000e0000000, 0x00000000eb400000, 0x0000000100000000)
  eden space 160768K, 0% used [0x00000000e0000000,0x00000000e0000000,0x00000000e9d00000)
  from space 11264K, 65% used [0x00000000ea900000,0x00000000eb0277b8,0x00000000eb400000)
  to   space 11776K, 0% used [0x00000000e9d00000,0x00000000e9d00000,0x00000000ea880000)
 ParOldGen       total 20992K, used 14669K [0x00000000a0000000, 0x00000000a1480000, 0x00000000e0000000)
  object space 20992K, 69% used [0x00000000a0000000,0x00000000a0e53670,0x00000000a1480000)
 Metaspace       used 34634K, capacity 35378K, committed 35416K, reserved 1079296K
  class space    used 4870K, capacity 5118K, committed 5120K, reserved 1048576K
}
Event: 246.507 GC heap before
{Heap before GC invocations=14 (full 2):
 PSYoungGen      total 172032K, used 7325K [0x00000000e0000000, 0x00000000eb400000, 0x0000000100000000)
  eden space 160768K, 0% used [0x00000000e0000000,0x00000000e0000000,0x00000000e9d00000)
  from space 11264K, 65% used [0x00000000ea900000,0x00000000eb0277b8,0x00000000eb400000)
  to   space 11776K, 0% used [0x00000000e9d00000,0x00000000e9d00000,0x00000000ea880000)
 ParOldGen       total 20992K, used 14669K [0x00000000a0000000, 0x00000000a1480000, 0x00000000e0000000)
  object space 20992K, 69% used [0x00000000a0000000,0x00000000a0e53670,0x00000000a1480000)
 Metaspace       used 34634K, capacity 35378K, committed 35416K, reserved 1079296K
  class space    used 4870K, capacity 5118K, committed 5120K, reserved 1048576K
Event: 249.129 GC heap after
Heap after GC invocations=14 (full 2):
 PSYoungGen      total 172032K, used 0K [0x00000000e0000000, 0x00000000eb400000, 0x0000000100000000)
  eden space 160768K, 0% used [0x00000000e0000000,0x00000000e0000000,0x00000000e9d00000)
  from space 11264K, 0% used [0x00000000ea900000,0x00000000ea900000,0x00000000eb400000)
  to   space 11776K, 0% used [0x00000000e9d00000,0x00000000e9d00000,0x00000000ea880000)
 ParOldGen       total 33280K, used 18116K [0x00000000a0000000, 0x00000000a2080000, 0x00000000e0000000)
  object space 33280K, 54% used [0x00000000a0000000,0x00000000a11b1018,0x00000000a2080000)
 Metaspace       used 34634K, capacity 35378K, committed 35416K, reserved 1079296K
  class space    used 4870K, capacity 5118K, committed 5120K, reserved 1048576K
}
Event: 394.174 GC heap before
{Heap before GC invocations=15 (full 2):
 PSYoungGen      total 172032K, used 160768K [0x00000000e0000000, 0x00000000eb400000, 0x0000000100000000)
  eden space 160768K, 100% used [0x00000000e0000000,0x00000000e9d00000,0x00000000e9d00000)
  from space 11264K, 0% used [0x00000000ea900000,0x00000000ea900000,0x00000000eb400000)
  to   space 11776K, 0% used [0x00000000e9d00000,0x00000000e9d00000,0x00000000ea880000)
 ParOldGen       total 33280K, used 18116K [0x00000000a0000000, 0x00000000a2080000, 0x00000000e0000000)
  object space 33280K, 54% used [0x00000000a0000000,0x00000000a11b1018,0x00000000a2080000)
 Metaspace       used 46884K, capacity 48076K, committed 48256K, reserved 1091584K
  class space    used 6411K, capacity 6727K, committed 6784K, reserved 1048576K
Event: 400.924 GC heap after
Heap after GC invocations=15 (full 2):
 PSYoungGen      total 172544K, used 11757K [0x00000000e0000000, 0x00000000f0a00000, 0x0000000100000000)
  eden space 160768K, 0% used [0x00000000e0000000,0x00000000e0000000,0x00000000e9d00000)
  from space 11776K, 99% used [0x00000000e9d00000,0x00000000ea87b5c0,0x00000000ea880000)
  to   space 15360K, 0% used [0x00000000efb00000,0x00000000efb00000,0x00000000f0a00000)
 ParOldGen       total 33280K, used 23053K [0x00000000a0000000, 0x00000000a2080000, 0x00000000e0000000)
  object space 33280K, 69% used [0x00000000a0000000,0x00000000a1683600,0x00000000a2080000)
 Metaspace       used 46884K, capacity 48076K, committed 48256K, reserved 1091584K
  class space    used 6411K, capacity 6727K, committed 6784K, reserved 1048576K
}

