# JRE version: Java(TM) SE Runtime Environment (8.0_201-b09) (build 1.8.0_201-b09)
# Java VM: Java HotSpot(TM) 64-Bit Server VM (25.201-b09 mixed mode windows-amd64 compressed oops)
Heap:
 PSYoungGen      total 163840K, used 117813K [0x00000000e0000000, 0x00000000eef80000, 0x0000000100000000)
  eden space 152576K, 69% used [0x00000000e0000000,0x00000000e680e3a0,0x00000000e9500000)
  from space 11264K, 99% used [0x00000000e9500000,0x00000000e9fff398,0x00000000ea000000)
  to   space 14848K, 0% used [0x00000000ee100000,0x00000000ee100000,0x00000000eef80000)
 ParOldGen       total 36864K, used 22336K [0x00000000a0000000, 0x00000000a2400000, 0x00000000e0000000)
  object space 36864K, 60% used [0x00000000a0000000,0x00000000a15d00d8,0x00000000a2400000)
 Metaspace       used 54244K, capacity 56134K, committed 56192K, reserved 1097728K
  class space    used 7574K, capacity 8022K, committed 8064K, reserved 1048576K
GC Heap History (10 events):
Event: 134.456 GC heap before
{Heap before GC invocations=11 (full 1):
 PSYoungGen      total 111104K, used 2872K [0x00000000e0000000, 0x00000000e7500000, 0x0000000100000000)
  eden space 102400K, 0% used [0x00000000e0000000,0x00000000e0000000,0x00000000e6400000)
  from space 8704K, 33% used [0x00000000e6c80000,0x00000000e6f4e230,0x00000000e7500000)
  to   space 8704K, 0% used [0x00000000e6400000,0x00000000e6400000,0x00000000e6c80000)
 ParOldGen       total 20480K, used 12506K [0x00000000a0000000, 0x00000000a1400000, 0x00000000e0000000)
  object space 20480K, 61% used [0x00000000a0000000,0x00000000a0c36890,0x00000000a1400000)
 Metaspace       used 20557K, capacity 21104K, committed 21248K, reserved 1067008K
  class space    used 3044K, capacity 3231K, committed 3328K, reserved 1048576K
Event: 135.853 GC heap after
Heap after GC invocations=11 (full 1):
 PSYoungGen      total 111104K, used 0K [0x00000000e0000000, 0x00000000e7500000, 0x0000000100000000)
  eden space 102400K, 0% used [0x00000000e0000000,0x00000000e0000000,0x00000000e6400000)
  from space 8704K, 0% used [0x00000000e6c80000,0x00000000e6c80000,0x00000000e7500000)
  to   space 8704K, 0% used [0x00000000e6400000,0x00000000e6400000,0x00000000e6c80000)
 ParOldGen       total 23040K, used 8550K [0x00000000a0000000, 0x00000000a1680000, 0x00000000e0000000)
  object space 23040K, 37% used [0x00000000a0000000,0x00000000a0859810,0x00000000a1680000)
 Metaspace       used 20557K, capacity 21104K, committed 21248K, reserved 1067008K
  class space    used 3044K, capacity 3231K, committed 3328K, reserved 1048576K
}
Event: 181.112 GC heap before
{Heap before GC invocations=12 (full 1):
 PSYoungGen      total 111104K, used 102400K [0x00000000e0000000, 0x00000000e7500000, 0x0000000100000000)
  eden space 102400K, 100% used [0x00000000e0000000,0x00000000e6400000,0x00000000e6400000)
  from space 8704K, 0% used [0x00000000e6c80000,0x00000000e6c80000,0x00000000e7500000)
  to   space 8704K, 0% used [0x00000000e6400000,0x00000000e6400000,0x00000000e6c80000)
 ParOldGen       total 23040K, used 8550K [0x00000000a0000000, 0x00000000a1680000, 0x00000000e0000000)
  object space 23040K, 37% used [0x00000000a0000000,0x00000000a0859810,0x00000000a1680000)
 Metaspace       used 30513K, capacity 31096K, committed 31232K, reserved 1075200K
  class space    used 4300K, capacity 4485K, committed 4608K, reserved 1048576K
Event: 187.201 GC heap after
Heap after GC invocations=12 (full 1):
 PSYoungGen      total 111104K, used 8697K [0x00000000e0000000, 0x00000000eaa80000, 0x0000000100000000)
  eden space 102400K, 0% used [0x00000000e0000000,0x00000000e0000000,0x00000000e6400000)
  from space 8704K, 99% used [0x00000000e6400000,0x00000000e6c7e5b8,0x00000000e6c80000)
  to   space 10752K, 0% used [0x00000000ea000000,0x00000000ea000000,0x00000000eaa80000)
 ParOldGen       total 23040K, used 10709K [0x00000000a0000000, 0x00000000a1680000, 0x00000000e0000000)
  object space 23040K, 46% used [0x00000000a0000000,0x00000000a0a756a0,0x00000000a1680000)
 Metaspace       used 30513K, capacity 31096K, committed 31232K, reserved 1075200K
  class space    used 4300K, capacity 4485K, committed 4608K, reserved 1048576K
}
Event: 282.386 GC heap before
{Heap before GC invocations=13 (full 1):
 PSYoungGen      total 111104K, used 91933K [0x00000000e0000000, 0x00000000eaa80000, 0x0000000100000000)
  eden space 102400K, 81% used [0x00000000e0000000,0x00000000e51490b0,0x00000000e6400000)
  from space 8704K, 99% used [0x00000000e6400000,0x00000000e6c7e5b8,0x00000000e6c80000)
  to   space 10752K, 0% used [0x00000000ea000000,0x00000000ea000000,0x00000000eaa80000)
 ParOldGen       total 23040K, used 10709K [0x00000000a0000000, 0x00000000a1680000, 0x00000000e0000000)
  object space 23040K, 46% used [0x00000000a0000000,0x00000000a0a756a0,0x00000000a1680000)
 Metaspace       used 34650K, capacity 35362K, committed 35416K, reserved 1079296K
  class space    used 4855K, capacity 5086K, committed 5120K, reserved 1048576K
Event: 287.615 GC heap after
Heap after GC invocations=13 (full 1):
 PSYoungGen      total 163328K, used 7411K [0x00000000e0000000, 0x00000000eab80000, 0x0000000100000000)
  eden space 152576K, 0% used [0x00000000e0000000,0x00000000e0000000,0x00000000e9500000)
  from space 10752K, 68% used [0x00000000ea000000,0x00000000ea73ce38,0x00000000eaa80000)
  to   space 11264K, 0% used [0x00000000e9500000,0x00000000e9500000,0x00000000ea000000)
 ParOldGen       total 23040K, used 15027K [0x00000000a0000000, 0x00000000a1680000, 0x00000000e0000000)
  object space 23040K, 65% used [0x00000000a0000000,0x00000000a0eace30,0x00000000a1680000)
 Metaspace       used 34650K, capacity 35362K, committed 35416K, reserved 1079296K
  class space    used 4855K, capacity 5086K, committed 5120K, reserved 1048576K
}
Event: 287.617 GC heap before
{Heap before GC invocations=14 (full 2):
 PSYoungGen      total 163328K, used 7411K [0x00000000e0000000, 0x00000000eab80000, 0x0000000100000000)
  eden space 152576K, 0% used [0x00000000e0000000,0x00000000e0000000,0x00000000e9500000)
  from space 10752K, 68% used [0x00000000ea000000,0x00000000ea73ce38,0x00000000eaa80000)
  to   space 11264K, 0% used [0x00000000e9500000,0x00000000e9500000,0x00000000ea000000)
 ParOldGen       total 23040K, used 15027K [0x00000000a0000000, 0x00000000a1680000, 0x00000000e0000000)
  object space 23040K, 65% used [0x00000000a0000000,0x00000000a0eace30,0x00000000a1680000)
 Metaspace       used 34650K, capacity 35362K, committed 35416K, reserved 1079296K
  class space    used 4855K, capacity 5086K, committed 5120K, reserved 1048576K
Event: 291.793 GC heap after
Heap after GC invocations=14 (full 2):
 PSYoungGen      total 163328K, used 0K [0x00000000e0000000, 0x00000000eab80000, 0x0000000100000000)
  eden space 152576K, 0% used [0x00000000e0000000,0x00000000e0000000,0x00000000e9500000)
  from space 10752K, 0% used [0x00000000ea000000,0x00000000ea000000,0x00000000eaa80000)
  to   space 11264K, 0% used [0x00000000e9500000,0x00000000e9500000,0x00000000ea000000)
 ParOldGen       total 36864K, used 18103K [0x00000000a0000000, 0x00000000a2400000, 0x00000000e0000000)
  object space 36864K, 49% used [0x00000000a0000000,0x00000000a11adde8,0x00000000a2400000)
 Metaspace       used 34650K, capacity 35362K, committed 35416K, reserved 1079296K
  class space    used 4855K, capacity 5086K, committed 5120K, reserved 1048576K
}
Event: 504.309 GC heap before
{Heap before GC invocations=15 (full 2):
 PSYoungGen      total 163328K, used 152576K [0x00000000e0000000, 0x00000000eab80000, 0x0000000100000000)
  eden space 152576K, 100% used [0x00000000e0000000,0x00000000e9500000,0x00000000e9500000)
  from space 10752K, 0% used [0x00000000ea000000,0x00000000ea000000,0x00000000eaa80000)
  to   space 11264K, 0% used [0x00000000e9500000,0x00000000e9500000,0x00000000ea000000)
 ParOldGen       total 36864K, used 18103K [0x00000000a0000000, 0x00000000a2400000, 0x00000000e0000000)
  object space 36864K, 49% used [0x00000000a0000000,0x00000000a11adde8,0x00000000a2400000)
 Metaspace       used 46009K, capacity 47196K, committed 47360K, reserved 1089536K
  class space    used 6322K, capacity 6625K, committed 6656K, reserved 1048576K
Event: 507.673 GC heap after
Heap after GC invocations=15 (full 2):
 PSYoungGen      total 163840K, used 11260K [0x00000000e0000000, 0x00000000eef80000, 0x0000000100000000)
  eden space 152576K, 0% used [0x00000000e0000000,0x00000000e0000000,0x00000000e9500000)
  from space 11264K, 99% used [0x00000000e9500000,0x00000000e9fff398,0x00000000ea000000)
  to   space 14848K, 0% used [0x00000000ee100000,0x00000000ee100000,0x00000000eef80000)
 ParOldGen       total 36864K, used 22336K [0x00000000a0000000, 0x00000000a2400000, 0x00000000e0000000)
  object space 36864K, 60% used [0x00000000a0000000,0x00000000a15d00d8,0x00000000a2400000)
 Metaspace       used 46009K, capacity 47196K, committed 47360K, reserved 1089536K
  class space    used 6322K, capacity 6625K, committed 6656K, reserved 1048576K
}

