# JRE version: Java(TM) SE Runtime Environment (8.0_201-b09) (build 1.8.0_201-b09)
# Java VM: Java HotSpot(TM) 64-Bit Server VM (25.201-b09 mixed mode windows-amd64 compressed oops)
Heap:
 PSYoungGen      total 127488K, used 64306K [0x00000000e0000000, 0x00000000e9980000, 0x0000000100000000)
  eden space 118784K, 46% used [0x00000000e0000000,0x00000000e3650d90,0x00000000e7400000)
  from space 8704K, 99% used [0x00000000e7400000,0x00000000e7c7bcd8,0x00000000e7c80000)
  to   space 13312K, 0% used [0x00000000e8c80000,0x00000000e8c80000,0x00000000e9980000)
 ParOldGen       total 37888K, used 25301K [0x00000000a0000000, 0x00000000a2500000, 0x00000000e0000000)
  object space 37888K, 66% used [0x00000000a0000000,0x00000000a18b5530,0x00000000a2500000)
 Metaspace       used 54251K, capacity 56122K, committed 56192K, reserved 1097728K
  class space    used 7578K, capacity 8022K, committed 8064K, reserved 1048576K
GC Heap History (10 events):
Event: 199.916 GC heap before
{Heap before GC invocations=17 (full 1):
 PSYoungGen      total 70144K, used 70119K [0x00000000e0000000, 0x00000000e6880000, 0x0000000100000000)
  eden space 65536K, 100% used [0x00000000e0000000,0x00000000e4000000,0x00000000e4000000)
  from space 4608K, 99% used [0x00000000e4000000,0x00000000e4479df0,0x00000000e4480000)
  to   space 6656K, 0% used [0x00000000e6200000,0x00000000e6200000,0x00000000e6880000)
 ParOldGen       total 20992K, used 11770K [0x00000000a0000000, 0x00000000a1480000, 0x00000000e0000000)
  object space 20992K, 56% used [0x00000000a0000000,0x00000000a0b7ebd8,0x00000000a1480000)
 Metaspace       used 32404K, capacity 33158K, committed 33408K, reserved 1077248K
  class space    used 4461K, capacity 4678K, committed 4736K, reserved 1048576K
Event: 200.723 GC heap after
Heap after GC invocations=17 (full 1):
 PSYoungGen      total 99328K, used 5348K [0x00000000e0000000, 0x00000000e6880000, 0x0000000100000000)
  eden space 92672K, 0% used [0x00000000e0000000,0x00000000e0000000,0x00000000e5a80000)
  from space 6656K, 80% used [0x00000000e6200000,0x00000000e67393b0,0x00000000e6880000)
  to   space 7168K, 0% used [0x00000000e5a80000,0x00000000e5a80000,0x00000000e6180000)
 ParOldGen       total 20992K, used 15148K [0x00000000a0000000, 0x00000000a1480000, 0x00000000e0000000)
  object space 20992K, 72% used [0x00000000a0000000,0x00000000a0ecb328,0x00000000a1480000)
 Metaspace       used 32404K, capacity 33158K, committed 33408K, reserved 1077248K
  class space    used 4461K, capacity 4678K, committed 4736K, reserved 1048576K
}
Event: 233.181 GC heap before
{Heap before GC invocations=18 (full 1):
 PSYoungGen      total 99328K, used 59742K [0x00000000e0000000, 0x00000000e6880000, 0x0000000100000000)
  eden space 92672K, 58% used [0x00000000e0000000,0x00000000e351e508,0x00000000e5a80000)
  from space 6656K, 80% used [0x00000000e6200000,0x00000000e67393b0,0x00000000e6880000)
  to   space 7168K, 0% used [0x00000000e5a80000,0x00000000e5a80000,0x00000000e6180000)
 ParOldGen       total 20992K, used 15148K [0x00000000a0000000, 0x00000000a1480000, 0x00000000e0000000)
  object space 20992K, 72% used [0x00000000a0000000,0x00000000a0ecb328,0x00000000a1480000)
 Metaspace       used 34702K, capacity 35382K, committed 35416K, reserved 1079296K
  class space    used 4872K, capacity 5118K, committed 5120K, reserved 1048576K
Event: 235.614 GC heap after
Heap after GC invocations=18 (full 1):
 PSYoungGen      total 99840K, used 4816K [0x00000000e0000000, 0x00000000e8500000, 0x0000000100000000)
  eden space 92672K, 0% used [0x00000000e0000000,0x00000000e0000000,0x00000000e5a80000)
  from space 7168K, 67% used [0x00000000e5a80000,0x00000000e5f34168,0x00000000e6180000)
  to   space 7680K, 0% used [0x00000000e7d80000,0x00000000e7d80000,0x00000000e8500000)
 ParOldGen       total 20992K, used 17787K [0x00000000a0000000, 0x00000000a1480000, 0x00000000e0000000)
  object space 20992K, 84% used [0x00000000a0000000,0x00000000a115ee90,0x00000000a1480000)
 Metaspace       used 34702K, capacity 35382K, committed 35416K, reserved 1079296K
  class space    used 4872K, capacity 5118K, committed 5120K, reserved 1048576K
}
Event: 235.614 GC heap before
{Heap before GC invocations=19 (full 2):
 PSYoungGen      total 99840K, used 4816K [0x00000000e0000000, 0x00000000e8500000, 0x0000000100000000)
  eden space 92672K, 0% used [0x00000000e0000000,0x00000000e0000000,0x00000000e5a80000)
  from space 7168K, 67% used [0x00000000e5a80000,0x00000000e5f34168,0x00000000e6180000)
  to   space 7680K, 0% used [0x00000000e7d80000,0x00000000e7d80000,0x00000000e8500000)
 ParOldGen       total 20992K, used 17787K [0x00000000a0000000, 0x00000000a1480000, 0x00000000e0000000)
  object space 20992K, 84% used [0x00000000a0000000,0x00000000a115ee90,0x00000000a1480000)
 Metaspace       used 34702K, capacity 35382K, committed 35416K, reserved 1079296K
  class space    used 4872K, capacity 5118K, committed 5120K, reserved 1048576K
Event: 244.808 GC heap after
Heap after GC invocations=19 (full 2):
 PSYoungGen      total 99840K, used 0K [0x00000000e0000000, 0x00000000e8500000, 0x0000000100000000)
  eden space 92672K, 0% used [0x00000000e0000000,0x00000000e0000000,0x00000000e5a80000)
  from space 7168K, 0% used [0x00000000e5a80000,0x00000000e5a80000,0x00000000e6180000)
  to   space 7680K, 0% used [0x00000000e7d80000,0x00000000e7d80000,0x00000000e8500000)
 ParOldGen       total 37888K, used 17293K [0x00000000a0000000, 0x00000000a2500000, 0x00000000e0000000)
  object space 37888K, 45% used [0x00000000a0000000,0x00000000a10e3400,0x00000000a2500000)
 Metaspace       used 34702K, capacity 35382K, committed 35416K, reserved 1079296K
  class space    used 4872K, capacity 5118K, committed 5120K, reserved 1048576K
}
Event: 451.035 GC heap before
{Heap before GC invocations=20 (full 2):
 PSYoungGen      total 99840K, used 92672K [0x00000000e0000000, 0x00000000e8500000, 0x0000000100000000)
  eden space 92672K, 100% used [0x00000000e0000000,0x00000000e5a80000,0x00000000e5a80000)
  from space 7168K, 0% used [0x00000000e5a80000,0x00000000e5a80000,0x00000000e6180000)
  to   space 7680K, 0% used [0x00000000e7d80000,0x00000000e7d80000,0x00000000e8500000)
 ParOldGen       total 37888K, used 17293K [0x00000000a0000000, 0x00000000a2500000, 0x00000000e0000000)
  object space 37888K, 45% used [0x00000000a0000000,0x00000000a10e3400,0x00000000a2500000)
 Metaspace       used 40951K, capacity 42018K, committed 42368K, reserved 1085440K
  class space    used 5682K, capacity 5944K, committed 6016K, reserved 1048576K
Event: 453.264 GC heap after
Heap after GC invocations=20 (full 2):
 PSYoungGen      total 116736K, used 7675K [0x00000000e0000000, 0x00000000e8500000, 0x0000000100000000)
  eden space 109056K, 0% used [0x00000000e0000000,0x00000000e0000000,0x00000000e6a80000)
  from space 7680K, 99% used [0x00000000e7d80000,0x00000000e84fed10,0x00000000e8500000)
  to   space 8704K, 0% used [0x00000000e7400000,0x00000000e7400000,0x00000000e7c80000)
 ParOldGen       total 37888K, used 17374K [0x00000000a0000000, 0x00000000a2500000, 0x00000000e0000000)
  object space 37888K, 45% used [0x00000000a0000000,0x00000000a10f78f8,0x00000000a2500000)
 Metaspace       used 40951K, capacity 42018K, committed 42368K, reserved 1085440K
  class space    used 5682K, capacity 5944K, committed 6016K, reserved 1048576K
}
Event: 516.967 GC heap before
{Heap before GC invocations=21 (full 2):
 PSYoungGen      total 116736K, used 116731K [0x00000000e0000000, 0x00000000e8500000, 0x0000000100000000)
  eden space 109056K, 100% used [0x00000000e0000000,0x00000000e6a80000,0x00000000e6a80000)
  from space 7680K, 99% used [0x00000000e7d80000,0x00000000e84fed10,0x00000000e8500000)
  to   space 8704K, 0% used [0x00000000e7400000,0x00000000e7400000,0x00000000e7c80000)
 ParOldGen       total 37888K, used 17374K [0x00000000a0000000, 0x00000000a2500000, 0x00000000e0000000)
  object space 37888K, 45% used [0x00000000a0000000,0x00000000a10f78f8,0x00000000a2500000)
 Metaspace       used 50218K, capacity 51730K, committed 51840K, reserved 1093632K
  class space    used 6873K, capacity 7253K, committed 7296K, reserved 1048576K
Event: 521.074 GC heap after
Heap after GC invocations=21 (full 2):
 PSYoungGen      total 127488K, used 8687K [0x00000000e0000000, 0x00000000e9980000, 0x0000000100000000)
  eden space 118784K, 0% used [0x00000000e0000000,0x00000000e0000000,0x00000000e7400000)
  from space 8704K, 99% used [0x00000000e7400000,0x00000000e7c7bcd8,0x00000000e7c80000)
  to   space 13312K, 0% used [0x00000000e8c80000,0x00000000e8c80000,0x00000000e9980000)
 ParOldGen       total 37888K, used 25301K [0x00000000a0000000, 0x00000000a2500000, 0x00000000e0000000)
  object space 37888K, 66% used [0x00000000a0000000,0x00000000a18b5530,0x00000000a2500000)
 Metaspace       used 50218K, capacity 51730K, committed 51840K, reserved 1093632K
  class space    used 6873K, capacity 7253K, committed 7296K, reserved 1048576K
}

