# JRE version: Java(TM) SE Runtime Environment (8.0_201-b09) (build 1.8.0_201-b09)
# Java VM: Java HotSpot(TM) 64-Bit Server VM (25.201-b09 mixed mode windows-amd64 compressed oops)
Heap:
 PSYoungGen      total 197120K, used 59232K [0x00000000e0000000, 0x00000000f0800000, 0x0000000100000000)
  eden space 182272K, 25% used [0x00000000e0000000,0x00000000e2d58578,0x00000000eb200000)
  from space 14848K, 86% used [0x00000000eb200000,0x00000000ebe7fe80,0x00000000ec080000)
  to   space 16384K, 0% used [0x00000000ef800000,0x00000000ef800000,0x00000000f0800000)
 ParOldGen       total 57856K, used 32851K [0x00000000a0000000, 0x00000000a3880000, 0x00000000e0000000)
  object space 57856K, 56% used [0x00000000a0000000,0x00000000a2014ee0,0x00000000a3880000)
 Metaspace       used 63984K, capacity 66404K, committed 66688K, reserved 1105920K
  class space    used 8958K, capacity 9473K, committed 9600K, reserved 1048576K
GC Heap History (10 events):
Event: 247.075 GC heap before
{Heap before GC invocations=16 (full 2):
 PSYoungGen      total 94208K, used 84992K [0x00000000e0000000, 0x00000000e9180000, 0x0000000100000000)
  eden space 84992K, 100% used [0x00000000e0000000,0x00000000e5300000,0x00000000e5300000)
  from space 9216K, 0% used [0x00000000e5300000,0x00000000e5300000,0x00000000e5c00000)
  to   space 9728K, 0% used [0x00000000e8800000,0x00000000e8800000,0x00000000e9180000)
 ParOldGen       total 36352K, used 17809K [0x00000000a0000000, 0x00000000a2380000, 0x00000000e0000000)
  object space 36352K, 48% used [0x00000000a0000000,0x00000000a1164548,0x00000000a2380000)
 Metaspace       used 42403K, capacity 43508K, committed 43776K, reserved 1087488K
  class space    used 5835K, capacity 6077K, committed 6144K, reserved 1048576K
Event: 248.471 GC heap after
Heap after GC invocations=16 (full 2):
 PSYoungGen      total 135168K, used 9250K [0x00000000e0000000, 0x00000000e9180000, 0x0000000100000000)
  eden space 125440K, 0% used [0x00000000e0000000,0x00000000e0000000,0x00000000e7a80000)
  from space 9728K, 95% used [0x00000000e8800000,0x00000000e9108b40,0x00000000e9180000)
  to   space 10752K, 0% used [0x00000000e7c80000,0x00000000e7c80000,0x00000000e8700000)
 ParOldGen       total 36352K, used 17817K [0x00000000a0000000, 0x00000000a2380000, 0x00000000e0000000)
  object space 36352K, 49% used [0x00000000a0000000,0x00000000a1166548,0x00000000a2380000)
 Metaspace       used 42403K, capacity 43508K, committed 43776K, reserved 1087488K
  class space    used 5835K, capacity 6077K, committed 6144K, reserved 1048576K
}
Event: 361.899 GC heap before
{Heap before GC invocations=17 (full 2):
 PSYoungGen      total 135168K, used 134690K [0x00000000e0000000, 0x00000000e9180000, 0x0000000100000000)
  eden space 125440K, 100% used [0x00000000e0000000,0x00000000e7a80000,0x00000000e7a80000)
  from space 9728K, 95% used [0x00000000e8800000,0x00000000e9108b40,0x00000000e9180000)
  to   space 10752K, 0% used [0x00000000e7c80000,0x00000000e7c80000,0x00000000e8700000)
 ParOldGen       total 36352K, used 17817K [0x00000000a0000000, 0x00000000a2380000, 0x00000000e0000000)
  object space 36352K, 49% used [0x00000000a0000000,0x00000000a1166548,0x00000000a2380000)
 Metaspace       used 52681K, capacity 54418K, committed 54656K, reserved 1095680K
  class space    used 7333K, capacity 7714K, committed 7808K, reserved 1048576K
Event: 363.219 GC heap after
Heap after GC invocations=17 (full 2):
 PSYoungGen      total 138240K, used 10732K [0x00000000e0000000, 0x00000000ecf80000, 0x0000000100000000)
  eden space 127488K, 0% used [0x00000000e0000000,0x00000000e0000000,0x00000000e7c80000)
  from space 10752K, 99% used [0x00000000e7c80000,0x00000000e86fb3a0,0x00000000e8700000)
  to   space 15360K, 0% used [0x00000000ec080000,0x00000000ec080000,0x00000000ecf80000)
 ParOldGen       total 36352K, used 25964K [0x00000000a0000000, 0x00000000a2380000, 0x00000000e0000000)
  object space 36352K, 71% used [0x00000000a0000000,0x00000000a195b168,0x00000000a2380000)
 Metaspace       used 52681K, capacity 54418K, committed 54656K, reserved 1095680K
  class space    used 7333K, capacity 7714K, committed 7808K, reserved 1048576K
}
Event: 386.527 GC heap before
{Heap before GC invocations=18 (full 2):
 PSYoungGen      total 138240K, used 95047K [0x00000000e0000000, 0x00000000ecf80000, 0x0000000100000000)
  eden space 127488K, 66% used [0x00000000e0000000,0x00000000e5256ab0,0x00000000e7c80000)
  from space 10752K, 99% used [0x00000000e7c80000,0x00000000e86fb3a0,0x00000000e8700000)
  to   space 15360K, 0% used [0x00000000ec080000,0x00000000ec080000,0x00000000ecf80000)
 ParOldGen       total 36352K, used 25964K [0x00000000a0000000, 0x00000000a2380000, 0x00000000e0000000)
  object space 36352K, 71% used [0x00000000a0000000,0x00000000a195b168,0x00000000a2380000)
 Metaspace       used 56958K, capacity 58912K, committed 59008K, reserved 1099776K
  class space    used 8056K, capacity 8521K, committed 8576K, reserved 1048576K
Event: 387.029 GC heap after
Heap after GC invocations=18 (full 2):
 PSYoungGen      total 197120K, used 6520K [0x00000000e0000000, 0x00000000ecf00000, 0x0000000100000000)
  eden space 182272K, 0% used [0x00000000e0000000,0x00000000e0000000,0x00000000eb200000)
  from space 14848K, 43% used [0x00000000ec080000,0x00000000ec6de268,0x00000000ecf00000)
  to   space 14848K, 0% used [0x00000000eb200000,0x00000000eb200000,0x00000000ec080000)
 ParOldGen       total 36352K, used 34531K [0x00000000a0000000, 0x00000000a2380000, 0x00000000e0000000)
  object space 36352K, 94% used [0x00000000a0000000,0x00000000a21b8f40,0x00000000a2380000)
 Metaspace       used 56958K, capacity 58912K, committed 59008K, reserved 1099776K
  class space    used 8056K, capacity 8521K, committed 8576K, reserved 1048576K
}
Event: 387.030 GC heap before
{Heap before GC invocations=19 (full 3):
 PSYoungGen      total 197120K, used 6520K [0x00000000e0000000, 0x00000000ecf00000, 0x0000000100000000)
  eden space 182272K, 0% used [0x00000000e0000000,0x00000000e0000000,0x00000000eb200000)
  from space 14848K, 43% used [0x00000000ec080000,0x00000000ec6de268,0x00000000ecf00000)
  to   space 14848K, 0% used [0x00000000eb200000,0x00000000eb200000,0x00000000ec080000)
 ParOldGen       total 36352K, used 34531K [0x00000000a0000000, 0x00000000a2380000, 0x00000000e0000000)
  object space 36352K, 94% used [0x00000000a0000000,0x00000000a21b8f40,0x00000000a2380000)
 Metaspace       used 56958K, capacity 58912K, committed 59008K, reserved 1099776K
  class space    used 8056K, capacity 8521K, committed 8576K, reserved 1048576K
Event: 388.981 GC heap after
Heap after GC invocations=19 (full 3):
 PSYoungGen      total 197120K, used 0K [0x00000000e0000000, 0x00000000ecf00000, 0x0000000100000000)
  eden space 182272K, 0% used [0x00000000e0000000,0x00000000e0000000,0x00000000eb200000)
  from space 14848K, 0% used [0x00000000ec080000,0x00000000ec080000,0x00000000ecf00000)
  to   space 14848K, 0% used [0x00000000eb200000,0x00000000eb200000,0x00000000ec080000)
 ParOldGen       total 57856K, used 32843K [0x00000000a0000000, 0x00000000a3880000, 0x00000000e0000000)
  object space 57856K, 56% used [0x00000000a0000000,0x00000000a2012ee0,0x00000000a3880000)
 Metaspace       used 56958K, capacity 58912K, committed 59008K, reserved 1099776K
  class space    used 8056K, capacity 8521K, committed 8576K, reserved 1048576K
}
Event: 553.911 GC heap before
{Heap before GC invocations=20 (full 3):
 PSYoungGen      total 197120K, used 182272K [0x00000000e0000000, 0x00000000ecf00000, 0x0000000100000000)
  eden space 182272K, 100% used [0x00000000e0000000,0x00000000eb200000,0x00000000eb200000)
  from space 14848K, 0% used [0x00000000ec080000,0x00000000ec080000,0x00000000ecf00000)
  to   space 14848K, 0% used [0x00000000eb200000,0x00000000eb200000,0x00000000ec080000)
 ParOldGen       total 57856K, used 32843K [0x00000000a0000000, 0x00000000a3880000, 0x00000000e0000000)
  object space 57856K, 56% used [0x00000000a0000000,0x00000000a2012ee0,0x00000000a3880000)
 Metaspace       used 62676K, capacity 64932K, committed 65280K, reserved 1105920K
  class space    used 8861K, capacity 9347K, committed 9472K, reserved 1048576K
Event: 561.750 GC heap after
Heap after GC invocations=20 (full 3):
 PSYoungGen      total 197120K, used 12799K [0x00000000e0000000, 0x00000000f0800000, 0x0000000100000000)
  eden space 182272K, 0% used [0x00000000e0000000,0x00000000e0000000,0x00000000eb200000)
  from space 14848K, 86% used [0x00000000eb200000,0x00000000ebe7fe80,0x00000000ec080000)
  to   space 16384K, 0% used [0x00000000ef800000,0x00000000ef800000,0x00000000f0800000)
 ParOldGen       total 57856K, used 32851K [0x00000000a0000000, 0x00000000a3880000, 0x00000000e0000000)
  object space 57856K, 56% used [0x00000000a0000000,0x00000000a2014ee0,0x00000000a3880000)
 Metaspace       used 62676K, capacity 64932K, committed 65280K, reserved 1105920K
  class space    used 8861K, capacity 9347K, committed 9472K, reserved 1048576K
}

